<?xml version="1.0" encoding="UTF-8"?>
<!-- Generated by org.testng.reporters.JUnitReportReporter -->
<testsuite hostname="Manoj_Kumar_M" failures="0" tests="1" name="com.comcast.crm.contact.Test.CreateContactwithSuportDateTest" time="21.804" errors="0" timestamp="2023-09-07T12:53:04 IST" skipped="0">
  <testcase classname="com.comcast.crm.contact.Test.CreateContactwithSuportDateTest" name="createContactwithPhonenum" time="21.804"/>
</testsuite> <!-- com.comcast.crm.contact.Test.CreateContactwithSuportDateTest -->
