<?xml version="1.0" encoding="UTF-8"?>
<!-- Generated by org.testng.reporters.JUnitReportReporter -->
<testsuite hostname="Manoj_Kumar_M" failures="0" tests="1" name="com.TestScripts.ToWriteBackExcel" time="0.987" errors="0" timestamp="2023-08-18T16:43:36 IST" skipped="0">
  <testcase classname="com.TestScripts.ToWriteBackExcel" name="writeExcel" time="0.987"/>
</testsuite> <!-- com.TestScripts.ToWriteBackExcel -->
