<?xml version="1.0" encoding="UTF-8"?>
<!-- Generated by org.testng.reporters.JUnitReportReporter -->
<testsuite hostname="Manoj_Kumar_M" failures="0" tests="1" name="com.TestScripts.CreateOrgUsingExcel" time="27.347" errors="0" timestamp="2023-09-06T12:49:45 IST" skipped="0">
  <testcase classname="com.TestScripts.CreateOrgUsingExcel" name="createOrg" time="27.347"/>
</testsuite> <!-- com.TestScripts.CreateOrgUsingExcel -->
