<?xml version="1.0" encoding="UTF-8"?>
<!-- Generated by org.testng.reporters.JUnitReportReporter -->
<testsuite hostname="Manoj_Kumar_M" failures="0" tests="1" name="com.comcast.crm.contact.Test.CreateContactwithSuportDate" time="44.038" errors="0" timestamp="2023-09-06T09:54:39 IST" skipped="0">
  <testcase classname="com.comcast.crm.contact.Test.CreateContactwithSuportDate" name="createContact" time="44.038"/>
</testsuite> <!-- com.comcast.crm.contact.Test.CreateContactwithSuportDate -->
