<?xml version="1.0" encoding="UTF-8"?>
<!-- Generated by org.testng.reporters.JUnitReportReporter -->
<testsuite hostname="Manoj_Kumar_M" failures="0" tests="2" name="com.comcast.crm.contact.Test.CreateContactTest" time="32.454" errors="0" timestamp="2023-09-07T12:47:28 IST" skipped="0">
  <testcase classname="com.comcast.crm.contact.Test.CreateContactTest" name="createContactTest" time="20.447"/>
  <testcase classname="com.comcast.crm.contact.Test.CreateContactTest" name="heyYou" time="12.007">
    <system-out>
      <![CDATA[HeyYou]]>
    </system-out>
  </testcase> <!-- heyYou -->
  <system-out>
    <![CDATA[HeyYou]]>
  </system-out>
</testsuite> <!-- com.comcast.crm.contact.Test.CreateContactTest -->
