<?xml version="1.0" encoding="UTF-8"?>
<!-- Generated by org.testng.reporters.JUnitReportReporter -->
<testsuite hostname="Manoj_Kumar_M" failures="0" tests="1" name="com.comcast.crm.organisation.Test.CreateOrgwithPhoneNumberTest" time="20.944" errors="0" timestamp="2023-09-07T12:47:28 IST" skipped="0">
  <testcase classname="com.comcast.crm.organisation.Test.CreateOrgwithPhoneNumberTest" name="createOrgWithPhone" time="20.944"/>
  <system-out>
    <![CDATA[HeyYou]]>
  </system-out>
</testsuite> <!-- com.comcast.crm.organisation.Test.CreateOrgwithPhoneNumberTest -->
