<?xml version="1.0" encoding="UTF-8"?>
<!-- Generated by org.testng.reporters.JUnitReportReporter -->
<testsuite hostname="Manoj_Kumar_M" failures="0" tests="2" name="com.comcast.crm.organisation.Test.CreateOrganisationTest" time="30.669" errors="0" timestamp="2023-09-07T12:47:28 IST" skipped="0">
  <testcase classname="com.comcast.crm.organisation.Test.CreateOrganisationTest" name="abc" time="9.571"/>
  <testcase classname="com.comcast.crm.organisation.Test.CreateOrganisationTest" name="createOrg" time="21.098"/>
  <system-out>
    <![CDATA[HeyYou]]>
  </system-out>
</testsuite> <!-- com.comcast.crm.organisation.Test.CreateOrganisationTest -->
