<?xml version="1.0" encoding="UTF-8"?>
<!-- Generated by org.testng.reporters.JUnitReportReporter -->
<testsuite hostname="Manoj_Kumar_M" failures="0" tests="1" name="com.TestScripts.ReadExcelOnRowCondition" time="0.869" errors="0" timestamp="2023-08-18T16:21:27 IST" skipped="0">
  <testcase classname="com.TestScripts.ReadExcelOnRowCondition" name="readExcel" time="0.869"/>
</testsuite> <!-- com.TestScripts.ReadExcelOnRowCondition -->
