<?xml version="1.0" encoding="UTF-8"?>
<!-- Generated by org.testng.reporters.JUnitReportReporter -->
<testsuite hostname="Manoj_Kumar_M" failures="0" tests="1" name="com.TestScripts.ReadMultipleExcel" time="0.759" errors="0" timestamp="2023-08-17T18:20:21 IST" skipped="0">
  <testcase classname="com.TestScripts.ReadMultipleExcel" name="readExcel" time="0.759"/>
</testsuite> <!-- com.TestScripts.ReadMultipleExcel -->
